.....................................................................................................
.......1.............................................................................................
...................1....1.1..........................................................................
.................................................................................1...................
............................................1.........1....1.........................................
................................1....................................................................
..................1..................................................................................
...1.......................................................................1.........................
...............................................................1.....................................
..................1...................................1............1.................................
.1..1................................................................................................
......................1..............................................................1...............
................1..................1.......1...............................1.........................
............................................................................1........................
.............1.....................1.................................................................
................................1.....................................................1..............
.1..................1......1.....................................1...................................
...............1................................................1....................................
...............1....1................................................................................
...............................................................................................1.....
......................................................................1..............................
......1.............................................................................1.....1..........
.........................1...........................................................................
......1.........................1............................................1.......................
..........1...............................................1..........................................
.....................................................................................................
.....................................................................................................
........................................1.......1...............11.............1.....................
.....................................................................................................
................................................................................................1....
1.........................................................................................1..........
......1..............................1.......1.......................................................
.....................................................................................................
.................................................................................1.1.................
...............1111111111111111111111111111111.......................................................
...............1.............................1...............1.......................................
...............1.............................1.......................................1...............
...............1.............................1..........................1............................
1..............1.............................1.........................................1.............
...............1..............1..............1.....................................1............1....
...............1.............111.............1.......................................................
.1.............1............11111............1.......................1.........................1.....
...............1...........1111111...........1................................................11.....
...............1..........111111111..........1..............................................1........
...............1............11111............1..........1....................1.....................1.
.............1.1...........1111111...........1.......................................................
...............1..........111111111..........1.......................................................
...............1.........11111111111.........1.......................................................
...............1........1111111111111........1.............1.............1.......1...................
...............1..........111111111..........1...1...................................................
...............1.........11111111111.........1.......................................................
......1........1........1111111111111........1.........................................1.............
...............1.......111111111111111.......1..............11...................1...............1...
...............1......11111111111111111......1.................1.....................................
...............1........1111111111111........1.......................................................
...............1.......111111111111111.......1..........1............................................
...............1......11111111111111111......1..............1........................................
...............1.....1111111111111111111.....1.......................................................
...............1....111111111111111111111....1..1....................................................
...............1.............111.............1.......................1...............................
...............1.............111.............1.......................................................
.............1.1.............111.............1......1......................1.........................
.........1.....1.............................1...........................................1...........
...............1.............................1......................1......................1.........
...............1.............................1..............1........................................
...............1.............................1..................................................1....
...............1111111111111111111111111111111.......................................................
.....................................................................1........1......................
.....................................................................................................
.....................................................................................................
.........................................1...........................................................
.....................................................................................................
.............................................................................1.......................
...........................1.........................................................................
................................................................................1....................
....1................................................................................................
................................1...............................1....................................
.....................................................................................................
...................1..............1.....1............................................................
..............................................................1......................................
................................1....................................................................
..................................................................1..................................
.....................................................................................................
.......................1..........1....................1.............................................
........................1..............................1.............................................
.........................................1...........................................................
............................................................................1........................
...................................................................1.................................
....1......................................................1.........................................
...........................................................1...................................1.....
.................1...............................1.....1.................1...........................
.....................................................................................................
.....................................................................................................
1...1......................................1..........................1..............1...............
.....................................................................................................
...............................................................................................1.....
............................................................1........................................
.....................................1...............................................................
...................................................................................................1.
................................................1....................................................
...........1.........................................................................................
.....................................................................................................
.................1.............1.....1...............................................................
Part 1: 223020000
Part 2: 7338
