####################################################################################################
####[][]........................##....................[][].[]...[]..[]..........[]....[]....[]....##
##[]......##..[]..[]..[]........##[][]..##[]........##[][]..............[]..##....................##
##[]........[]....[]..[][]..[][][]..##..........[]##..[]......##....##[]..[][]....................##
##..[]##[][][]......[]........................[]####[]........[]##....[]....[]..................####
##............##........##......[][]........[]..##[][]..........[]..[][]..[]##.......[].......##..##
##......[]......####..........[][]......[]....##....[]...........[].......[]..........[]..[]..[]..##
####..[]..##......####........[]......................[]....##....[]..[]........[]..[]....[]##..[]##
##..[][]##......[]................[]............##..##[]............[][][]....[]..[]..##.....[].####
##[]........[]......[]..[]..[]..##..##[][]..[]##..[].[].....##..[][]....[][]....##................##
##[]..[]....[][]....####..........##..##[]....[][][].........[][]...[][][][]##..[].[].##[]........##
##..........[][]....[]......[]..[][]....##..[]..[].....................[][].[]..##................##
##....[]....[]##..[]..[]..[]....##..[]..[]..[][].[].....[]##..[]....[]##[][].....[]...............##
##....##[]##....[]....[]..........##..##[][][].........[].##...[]...........[]............[]....[]##
##............................[]##[]....##[].......[].......................[]##....##..........####
##........[][]....##......[]....##....[]..##......[][]................##.[][].[]..................##
##[]##..##..[]..[]..[][]....[].........[][].....####...........................[]...##......[]....##
##..[]..[]..[]..[]##[]....##..........[]##........##..................[].........[].............[]##
##[]..........[]##[]......[]##........[][][]....[]........................[]......[]...[][]...[][]##
##........[][]........[]..[]....[]..##..[].....[].........[]................[].[].[]....[][].[].[]##
####..........[]........[]....[]..[]..[]....[][]..[][].[].##[]..................[]##....[]##......##
##[]..##......[]......[]..[]..[]..[][]......[][]##.[]...[]..[][]..[]..[][].[]....[]...##..........##
##[].......[].##[]..[][][][][]....[][].......[]..[].##.......[].[]...[][]........[]...............##
####............##[]..........[].............[].[]..[]...........[].........[][][]..[].[].........##
##[]..........##..[]##[][]......##......[][][]..[]##[]......[]####....##[]..[]##....[][]##........##
##[]...[].....[]....[][]..................[][]##[].[].........##.....[].[]..[]........##[]....[]..##
##.......[][].[][]....[]##......[]..[]....##.....[].[]##..............[].[]..[]......[][].........##
##.......[].[][]....[][]..##........[][].........[]..........[][][]..[]..[].[]........[]......[][]##
##.....[][][].[]......[][]..##....[].[]...##[]..............[]##...[].....[][][]..........##...[].##
##....[][]##..[][]....[]....[]......[].[].........##......##[][]##[]##.....[].[]..........[]..[][]##
##....####....[][][]..[]..##..##....[]....####...[].......[]##[]..##[].....[][].......##......[][]##
##......[]##[][]..[]....##[]..[]..##[][][]......[]......##.......[][].......[].............[][][].##
##..##.......[].[]##..[]##[]..[]..[][][].....................................[]...##[]##..##[]##[]##
##............[]##...@..##.....[][][]...................##...........[]............[].........[][]##
##[]........[][]................[]..[]##..[]............[]..............[]........##[]..[]..[][]####
##[]..............##.....................[]...[][].[]...[][]...[]...[]..[]......[][].....[].......##
##[][][][][]...[][].........................##[][]......[]##....[][]##[][]........##......[]......##
##[][]####[]................................[]####.[]...[]##[]......[]##[]..................##[]####
####..[][][]................................[][][]....[]..[]........[][][]##................##[][]##
##[]..[][]##..................[]........##...[][][]..[].............[][]..[].........[].[]..[]....##
##[]....[]...........[].......[]......................##....##..............[][]..####...[].[]##[]##
##[].......[]...##..........................................##..##[]..............[]##....[][][][]##
##.................................[].[][]####.[]..............[]..[]...................[][]......##
##........##....##.....[][].........##..##.....[].............##..............[][]......[]..[]....##
##......[][]....##[]......[]........[][]##......##............[]##............[]......[][]......[]##
##............##[][].....[]...........[]##.[].........##[].........[]...........[][][][]##..####..##
##....##......##[][].....[].......[][].[][]........[][].....##..........##...[]..[]...[]....[]....##
##.....[]....[]....[][][].[]....[][][][]....##...[][].##[][]....[][]....[].....[].[]..[]##..[]..[]##
##....[]##[][][]....[]..[][][][]##[][][]...[].[][][]..[][][]....[][]##[]......[][][]....[][][]....##
####################################################################################################
Part 1: 1568399
Part 2: 1575877
